#
# There is insufficient memory for the Java Runtime Environment to continue.
# Native memory allocation (mmap) failed to map 268435456 bytes for G1 virtual space
# Possible reasons:
#   The system is out of physical RAM or swap space
#   The process is running with CompressedOops enabled, and the Java Heap may be blocking the growth of the native heap
# Possible solutions:
#   Reduce memory load on the system
#   Increase physical memory or swap space
#   Check if swap backing store is full
#   Decrease Java heap size (-Xmx/-Xms)
#   Decrease number of Java threads
#   Decrease Java thread stack sizes (-Xss)
#   Set larger code cache with -XX:ReservedCodeCacheSize=
#   JVM is running with Zero Based Compressed Oops mode in which the Java heap is
#     placed in the first 32GB address space. The Java Heap base address is the
#     maximum limit for the native heap growth. Please use -XX:HeapBaseMinAddress
#     to set the Java Heap base and to place the Java Heap above 32GB virtual address.
# This output file may be truncated or incomplete.
#
#  Out of Memory Error (os_windows.cpp:3466), pid=10284, tid=25352
#
# JRE version:  (16.0.2+7) (build )
# Java VM: OpenJDK 64-Bit Server VM (16.0.2+7, mixed mode, sharing, tiered, compressed oops, compressed class ptrs, g1 gc, windows-amd64)
# No core dump will be written. Minidumps are not enabled by default on client versions of Windows
#

---------------  S U M M A R Y ------------

Command Line: -javaagent:C:\Program Files\JetBrains\IntelliJ IDEA Community Edition 2022.1.1\lib\idea_rt.jar=52398:C:\Program Files\JetBrains\IntelliJ IDEA Community Edition 2022.1.1\bin -Dfile.encoding=UTF-8 Calculadora_de_funçõesKt

Host: Intel(R) Core(TM) i7-10750H CPU @ 2.60GHz, 12 cores, 15G,  Windows 10 , 64 bit Build 22000 (10.0.22000.434)
Time: Thu May 19 14:20:02 2022 Hora oficial do Brasil elapsed time: 0.008515 seconds (0d 0h 0m 0s)

---------------  T H R E A D  ---------------

Current thread (0x0000022517ff4460):  JavaThread "Unknown thread" [_thread_in_vm, id=25352, stack(0x0000003bd9500000,0x0000003bd9600000)]

Stack: [0x0000003bd9500000,0x0000003bd9600000]
Native frames: (J=compiled Java code, j=interpreted, Vv=VM code, C=native code)
V  [jvm.dll+0x647e0a]
V  [jvm.dll+0x7f0549]
V  [jvm.dll+0x7f1cfe]
V  [jvm.dll+0x7f2343]
V  [jvm.dll+0x23dd88]
V  [jvm.dll+0x644b4a]
V  [jvm.dll+0x639795]
V  [jvm.dll+0x2f66f9]
V  [jvm.dll+0x2fd516]
V  [jvm.dll+0x34999a]
V  [jvm.dll+0x349bdf]
V  [jvm.dll+0x2cc918]
V  [jvm.dll+0x2cdb49]
V  [jvm.dll+0x7c4431]
V  [jvm.dll+0x356ee1]
V  [jvm.dll+0x7a30b0]
V  [jvm.dll+0x3d4c55]
V  [jvm.dll+0x3d69f1]
C  [jli.dll+0x5243]
C  [ucrtbase.dll+0x26c0c]
C  [KERNEL32.DLL+0x154e0]
C  [ntdll.dll+0x485b]


---------------  P R O C E S S  ---------------

Threads class SMR info:
_java_thread_list=0x00007ffe663e73d8, length=0, elements={
}

Java Threads: ( => current thread )

Other Threads:
  0x0000022518046080 GCTaskThread "GC Thread#0" [stack: 0x0000003bd9600000,0x0000003bd9700000] [id=11140]
  0x0000022518095410 ConcurrentGCThread "G1 Main Marker" [stack: 0x0000003bd9700000,0x0000003bd9800000] [id=19280]
  0x00000225180976d0 ConcurrentGCThread "G1 Conc#0" [stack: 0x0000003bd9800000,0x0000003bd9900000] [id=32800]

[error occurred during error reporting (printing all threads), id 0xc0000005, EXCEPTION_ACCESS_VIOLATION (0xc0000005) at pc=0x00007ffe65b5e207]

VM state: not at safepoint (not fully initialized)

VM Mutex/Monitor currently owned by a thread:  ([mutex/lock_event])
[0x0000022517ff10a0] Heap_lock - owner thread: 0x0000022517ff4460

Heap address: 0x0000000701600000, size: 4074 MB, Compressed Oops mode: Zero based, Oop shift amount: 3

CDS archive(s) mapped at: [0x0000000000000000-0x0000000000000000-0x0000000000000000), size 0, SharedBaseAddress: 0x0000000800000000, ArchiveRelocationMode: 0.
Narrow klass base: 0x0000000000000000, Narrow klass shift: 0, Narrow klass range: 0x0

GC Precious Log:
<Empty>

Heap:
 garbage-first heap   total 0K, used 0K [0x0000000701600000, 0x0000000800000000)
  region size 2048K, 0 young (0K), 0 survivors (0K)

[error occurred during error reporting (printing heap information), id 0xc0000005, EXCEPTION_ACCESS_VIOLATION (0xc0000005) at pc=0x00007ffe65f1ff7d]

GC Heap History (0 events):
No events

Deoptimization events (0 events):
No events

Classes unloaded (0 events):
No events

Classes redefined (0 events):
No events

Internal exceptions (0 events):
No events

Events (1 events):
Event: 0.005 Loaded shared library C:\Users\maico\.jdks\corretto-16.0.2\bin\java.dll


Dynamic libraries:
0x00007ff62d260000 - 0x00007ff62d26d000 	C:\Users\maico\.jdks\corretto-16.0.2\bin\java.exe
0x00007ffeecf20000 - 0x00007ffeed129000 	C:\WINDOWS\SYSTEM32\ntdll.dll
0x00007ffeebf60000 - 0x00007ffeec01d000 	C:\WINDOWS\System32\KERNEL32.DLL
0x00007ffeea410000 - 0x00007ffeea784000 	C:\WINDOWS\System32\KERNELBASE.dll
0x00007ffeeac20000 - 0x00007ffeead31000 	C:\WINDOWS\System32\ucrtbase.dll
0x00007ffedd5d0000 - 0x00007ffedd5e8000 	C:\Users\maico\.jdks\corretto-16.0.2\bin\jli.dll
0x00007ffee5360000 - 0x00007ffee5375000 	C:\Users\maico\.jdks\corretto-16.0.2\bin\VCRUNTIME140.dll
0x00007ffeec9b0000 - 0x00007ffeecb5c000 	C:\WINDOWS\System32\USER32.dll
0x00007ffeeab80000 - 0x00007ffeeaba6000 	C:\WINDOWS\System32\win32u.dll
0x00007ffed0f60000 - 0x00007ffed1205000 	C:\WINDOWS\WinSxS\amd64_microsoft.windows.common-controls_6595b64144ccf1df_6.0.22000.120_none_9d947278b86cc467\COMCTL32.dll
0x00007ffeec310000 - 0x00007ffeec339000 	C:\WINDOWS\System32\GDI32.dll
0x00007ffeec830000 - 0x00007ffeec8d3000 	C:\WINDOWS\System32\msvcrt.dll
0x00007ffeeaa60000 - 0x00007ffeeab72000 	C:\WINDOWS\System32\gdi32full.dll
0x00007ffeea900000 - 0x00007ffeea99d000 	C:\WINDOWS\System32\msvcp_win.dll
0x00007ffeebf20000 - 0x00007ffeebf51000 	C:\WINDOWS\System32\IMM32.DLL
0x00007ffec0ec0000 - 0x00007ffec0f5b000 	C:\Users\maico\.jdks\corretto-16.0.2\bin\msvcp140.dll
0x00007ffe65880000 - 0x00007ffe66489000 	C:\Users\maico\.jdks\corretto-16.0.2\bin\server\jvm.dll
0x00007ffeec900000 - 0x00007ffeec9ae000 	C:\WINDOWS\System32\ADVAPI32.dll
0x00007ffeebe80000 - 0x00007ffeebf1e000 	C:\WINDOWS\System32\sechost.dll
0x00007ffeeadf0000 - 0x00007ffeeaf10000 	C:\WINDOWS\System32\RPCRT4.dll
0x00007ffeec470000 - 0x00007ffeec478000 	C:\WINDOWS\System32\PSAPI.DLL
0x00007ffee6460000 - 0x00007ffee6469000 	C:\WINDOWS\SYSTEM32\WSOCK32.dll
0x00007ffee52f0000 - 0x00007ffee5323000 	C:\WINDOWS\SYSTEM32\WINMM.dll
0x00007ffeec020000 - 0x00007ffeec08f000 	C:\WINDOWS\System32\WS2_32.dll
0x00007ffee4280000 - 0x00007ffee428a000 	C:\WINDOWS\SYSTEM32\VERSION.dll
0x00007ffee9600000 - 0x00007ffee9618000 	C:\WINDOWS\SYSTEM32\kernel.appcore.dll
0x00007ffee6470000 - 0x00007ffee647a000 	C:\Users\maico\.jdks\corretto-16.0.2\bin\jimage.dll
0x00007ffee8100000 - 0x00007ffee8321000 	C:\WINDOWS\SYSTEM32\DBGHELP.DLL
0x00007ffee3230000 - 0x00007ffee3261000 	C:\WINDOWS\SYSTEM32\dbgcore.DLL
0x00007ffeead40000 - 0x00007ffeeadbf000 	C:\WINDOWS\System32\bcryptPrimitives.dll
0x00007ffee6d90000 - 0x00007ffee6d9e000 	C:\Users\maico\.jdks\corretto-16.0.2\bin\instrument.dll
0x00007ffed4100000 - 0x00007ffed4125000 	C:\Users\maico\.jdks\corretto-16.0.2\bin\java.dll

dbghelp: loaded successfully - version: 4.0.5 - missing functions: none
symbol engine: initialized successfully - sym options: 0x614 - pdb path: .;C:\Users\maico\.jdks\corretto-16.0.2\bin;C:\WINDOWS\SYSTEM32;C:\WINDOWS\WinSxS\amd64_microsoft.windows.common-controls_6595b64144ccf1df_6.0.22000.120_none_9d947278b86cc467;C:\Users\maico\.jdks\corretto-16.0.2\bin\server

VM Arguments:
jvm_args: -javaagent:C:\Program Files\JetBrains\IntelliJ IDEA Community Edition 2022.1.1\lib\idea_rt.jar=52398:C:\Program Files\JetBrains\IntelliJ IDEA Community Edition 2022.1.1\bin -Dfile.encoding=UTF-8 
java_command: Calculadora_de_funçõesKt
java_class_path (initial): C:\Users\maico\OneDrive\Área de Trabalho\Generation\Kotlin InterliJ\build\classes\kotlin\main;C:\Users\maico\.gradle\caches\modules-2\files-2.1\org.jetbrains.kotlin\kotlin-stdlib-jdk8\1.6.21\eeb4d60d75e9ea9c11200d52974e522793b14fba\kotlin-stdlib-jdk8-1.6.21.jar;C:\Users\maico\.gradle\caches\modules-2\files-2.1\org.jetbrains.kotlin\kotlin-stdlib-jdk7\1.6.21\568c1b78a8e17a4f35b31f0a74e2916095ed74c2\kotlin-stdlib-jdk7-1.6.21.jar;C:\Users\maico\.gradle\caches\modules-2\files-2.1\org.jetbrains.kotlin\kotlin-stdlib\1.6.21\11ef67f1900634fd951bad28c53ec957fabbe5b8\kotlin-stdlib-1.6.21.jar;C:\Users\maico\.gradle\caches\modules-2\files-2.1\org.jetbrains.kotlin\kotlin-stdlib-common\1.6.21\5e5b55c26dbc80372a920aef60eb774b714559b8\kotlin-stdlib-common-1.6.21.jar;C:\Users\maico\.gradle\caches\modules-2\files-2.1\org.jetbrains\annotations\13.0\919f0dfe192fb4e063e7dacadee7f8bb9a2672a9\annotations-13.0.jar
Launcher Type: SUN_STANDARD

[Global flags]
     intx CICompilerCount                          = 4                                         {product} {ergonomic}
     uint ConcGCThreads                            = 3                                         {product} {ergonomic}
     uint G1ConcRefinementThreads                  = 10                                        {product} {ergonomic}
   size_t G1HeapRegionSize                         = 2097152                                   {product} {ergonomic}
    uintx GCDrainStackTargetSize                   = 64                                        {product} {ergonomic}
   size_t InitialHeapSize                          = 268435456                                 {product} {ergonomic}
   size_t MarkStackSize                            = 4194304                                   {product} {ergonomic}
   size_t MaxHeapSize                              = 4271898624                                {product} {ergonomic}
   size_t MinHeapDeltaBytes                        = 2097152                                   {product} {ergonomic}
   size_t MinHeapSize                              = 8388608                                   {product} {ergonomic}
    uintx NonNMethodCodeHeapSize                   = 5839372                                {pd product} {ergonomic}
    uintx NonProfiledCodeHeapSize                  = 122909434                              {pd product} {ergonomic}
    uintx ProfiledCodeHeapSize                     = 122909434                              {pd product} {ergonomic}
    uintx ReservedCodeCacheSize                    = 251658240                              {pd product} {ergonomic}
     bool SegmentedCodeCache                       = true                                      {product} {ergonomic}
   size_t SoftMaxHeapSize                          = 4271898624                             {manageable} {ergonomic}
     bool UseCompressedClassPointers               = true                           {product lp64_product} {ergonomic}
     bool UseCompressedOops                        = true                           {product lp64_product} {ergonomic}
     bool UseG1GC                                  = true                                      {product} {ergonomic}
     bool UseLargePagesIndividualAllocation        = false                                  {pd product} {ergonomic}

Logging:
Log output configuration:
 #0: stdout all=warning uptime,level,tags
 #1: stderr all=off uptime,level,tags

Environment Variables:
PATH=C:\Program Files\Common Files\Oracle\Java\javapath;C:\Windows\system32;C:\Windows;C:\Windows\System32\Wbem;C:\Windows\System32\WindowsPowerShell\v1.0\;C:\Windows\System32\OpenSSH\;C:\Program Files (x86)\NVIDIA Corporation\PhysX\Common;C:\Program Files\NVIDIA Corporation\NVIDIA NvDLISR;C:\WINDOWS\system32;C:\WINDOWS;C:\WINDOWS\System32\Wbem;C:\WINDOWS\System32\WindowsPowerShell\v1.0\;C:\WINDOWS\System32\OpenSSH\;C:\ProgramData\UNIVALI\Portugol Studio;C:\Program Files\Git\cmd;C:\Users\maico\AppData\Local\Microsoft\WindowsApps;
USERNAME=maico
OS=Windows_NT
PROCESSOR_IDENTIFIER=Intel64 Family 6 Model 165 Stepping 2, GenuineIntel



---------------  S Y S T E M  ---------------

OS:
 Windows 10 , 64 bit Build 22000 (10.0.22000.434)
OS uptime: 48 days 7:49 hours

CPU: total 12 (initial active 12) (6 cores per cpu, 2 threads per core) family 6 model 165 stepping 2 microcode 0xea, cx8, cmov, fxsr, ht, mmx, 3dnowpref, sse, sse2, sse3, ssse3, sse4.1, sse4.2, popcnt, lzcnt, tsc, tscinvbit, avx, avx2, aes, erms, clmul, bmi1, bmi2, adx, fma, vzeroupper, clflush, clflushopt

Memory: 4k page, system-wide physical 16291M (1196M free)
TotalPageFile size 31395M (AvailPageFile size 187M)
current process WorkingSet (physical memory assigned to process): 10M, peak: 10M
current process commit charge ("private bytes"): 64M, peak: 320M

vm_info: OpenJDK 64-Bit Server VM (16.0.2+7) for windows-amd64 JRE (16.0.2+7), built on Jul 22 2021 01:11:46 by "Administrator" with MS VC++ 15.9 (VS2017)

END.
